<?xml version="1.0" encoding="UTF-8"?>
<coverage generated="1645709242476" clover="3.2.0">
  <project timestamp="1645709242476" name="All files">
    <metrics statements="29" coveredstatements="19" conditionals="8" coveredconditionals="1" methods="12" coveredmethods="4" elements="49" coveredelements="24" complexity="0" loc="29" ncloc="29" packages="1" files="2" classes="2"/>
    <file name="gameboard.js" path="/home/tmannazy/Documents/the_odin_project/battleship/src/codes/gameboard.js">
      <metrics statements="13" coveredstatements="12" conditionals="2" coveredconditionals="1" methods="4" coveredmethods="3"/>
      <line num="1" count="1" type="stmt"/>
      <line num="2" count="1" type="stmt"/>
      <line num="4" count="10" type="stmt"/>
      <line num="6" count="1" type="stmt"/>
      <line num="8" count="1" type="stmt"/>
      <line num="9" count="1" type="stmt"/>
      <line num="10" count="1" type="stmt"/>
      <line num="18" count="1" type="stmt"/>
      <line num="19" count="1" type="stmt"/>
      <line num="20" count="1" type="cond" truecount="1" falsecount="1"/>
      <line num="21" count="1" type="stmt"/>
      <line num="25" count="0" type="stmt"/>
      <line num="27" count="1" type="stmt"/>
    </file>
    <file name="ship.js" path="/home/tmannazy/Documents/the_odin_project/battleship/src/codes/ship.js">
      <metrics statements="16" coveredstatements="7" conditionals="6" coveredconditionals="0" methods="8" coveredmethods="1"/>
      <line num="1" count="2" type="stmt"/>
      <line num="2" count="2" type="stmt"/>
      <line num="4" count="2" type="stmt"/>
      <line num="5" count="0" type="stmt"/>
      <line num="6" count="0" type="cond" truecount="0" falsecount="4"/>
      <line num="7" count="0" type="stmt"/>
      <line num="10" count="0" type="stmt"/>
      <line num="13" count="2" type="stmt"/>
      <line num="14" count="0" type="stmt"/>
      <line num="15" count="0" type="stmt"/>
      <line num="18" count="2" type="stmt"/>
      <line num="20" count="2" type="stmt"/>
      <line num="21" count="0" type="stmt"/>
      <line num="22" count="0" type="cond" truecount="0" falsecount="2"/>
      <line num="23" count="0" type="stmt"/>
      <line num="34" count="2" type="stmt"/>
    </file>
  </project>
</coverage>
